<?xml version="1.0" encoding="UTF-8"?>
<!-- Generated by org.testng.reporters.JUnitReportReporter -->
<testsuite hostname="LAPTOP-DK38VD03" failures="0" tests="1" name="pages.TodaysDealPage" time="7.151" errors="0" timestamp="2023-12-07T21:18:34 IST" skipped="0">
  <testcase classname="pages.TodaysDealPage" name="getBrowser" time="7.151"/>
  <system-out/>
</testsuite> <!-- pages.TodaysDealPage -->
