<?xml version="1.0" encoding="UTF-8"?>
<!-- Generated by org.testng.reporters.JUnitReportReporter -->
<testsuite hostname="LAPTOP-DK38VD03" failures="0" tests="1" name="pages.SearchboxPage" time="6.653" errors="0" timestamp="2023-12-07T21:06:24 IST" skipped="0">
  <testcase classname="pages.SearchboxPage" name="getBrowser" time="6.653"/>
  <system-out/>
</testsuite> <!-- pages.SearchboxPage -->
